#
# A fatal error has been detected by the Java Runtime Environment:
#
#  EXCEPTION_ACCESS_VIOLATION (0xc0000005) at pc=0x0000000007b2cb6e, pid=14288, tid=0x0000000000005d1c
#
# JRE version: OpenJDK Runtime Environment (8.0_242-b01) (build 1.8.0_242-release-1644-b01)
# Java VM: OpenJDK 64-Bit Server VM (25.242-b01 mixed mode windows-amd64 compressed oops)
# Problematic frame:
# J 33258 C2 java.util.concurrent.ConcurrentHashMap.transfer([Ljava/util/concurrent/ConcurrentHashMap$Node;[Ljava/util/concurrent/ConcurrentHashMap$Node;)V (832 bytes) @ 0x0000000007b2cb6e [0x0000000007b2c7a0+0x3ce]
#
# Failed to write core dump. Minidumps are not enabled by default on client versions of Windows
#
# If you would like to submit a bug report, please visit:
#   
#

---------------  T H R E A D  ---------------

Current thread (0x000000001ccd5800):  JavaThread "Execution worker for ':' Thread 2" [_thread_in_Java, id=23836, stack(0x0000000030bf0000,0x0000000030cf0000)]

siginfo: ExceptionCode=0xc0000005, reading address 0x000000004f726f52

Registers:
RAX=0x0000000000000009, RBX=0x0000000030cec970, RCX=0x0000000000000007, RDX=0x0000000000000005
RSP=0x0000000030cec870, RBP=0x00000000f831d980, RSI=0x0000000000000000, RDI=0x0000000000002e7f
R8 =0x0000000000004000, R9 =0x000000004f726f46, R10=0x000000004f726f46, R11=0x0000000000004000
R12=0x0000000000000000, R13=0x0000000100032978, R14=0x00000000e84a22b8, R15=0x000000001ccd5800
RIP=0x0000000007b2cb6e, EFLAGS=0x0000000000010202

Top of Stack: (sp=0x0000000030cec870)
0x0000000030cec870:   4050c00000000000 00000000e0e20aa0
0x0000000030cec880:   00000000f868da48 00000000090a9c3c
0x0000000030cec890:   e84a23e000008000 00000011e84c23f0
0x0000000030cec8a0:   0000400000006e7f 00000000f82633e8
0x0000000030cec8b0:   00000000f6b7c618 0000800000000200
0x0000000030cec8c0:   00000000e84a23e0 00000000e84c23f0
0x0000000030cec8d0:   0000000100032978 00000000e84addec
0x0000000030cec8e0:   00000000f826edf4 05a5ee7ff831d980
0x0000000030cec8f0:   00000000f831d980 00000000e84bddec
0x0000000030cec900:   0000000000000000 00000000e0da0388
0x0000000030cec910:   00000000f831d980 00000000f831d698
0x0000000030cec920:   00000000e84a1fb8 00000000f831d6d0
0x0000000030cec930:   00000000f868da48 00000000e84a21b8
0x0000000030cec940:   00000000f80dc0c8 00002e7f0690f694
0x0000000030cec950:   00000000e84a2358 0000000008611da8
0x0000000030cec960:   0000000000002e00 0000000000000007 

Instructions: (pc=0x0000000007b2cb6e)
0x0000000007b2cb4e:   24 34 44 23 5c 24 7c 45 85 d2 0f 84 6a 02 00 00
0x0000000007b2cb5e:   4c 8b 84 24 80 00 00 00 4c 89 84 24 a0 00 00 00
0x0000000007b2cb6e:   45 8b 42 0c 45 8b 4a 18 44 23 44 24 34 45 3b c3
0x0000000007b2cb7e:   4c 8b 9c 24 a0 00 00 00 4d 0f 45 da 4c 89 9c 24 


Register to memory mapping:

RAX=0x0000000000000009 is an unknown value
RBX=0x0000000030cec970 is pointing into the stack for thread: 0x000000001ccd5800
RCX=0x0000000000000007 is an unknown value
RDX=0x0000000000000005 is an unknown value
RSP=0x0000000030cec870 is pointing into the stack for thread: 0x000000001ccd5800
RBP=0x00000000f831d980 is an oop
java.util.concurrent.ConcurrentHashMap$Node 
 - klass: 'java/util/concurrent/ConcurrentHashMap$Node'
RSI=0x0000000000000000 is an unknown value
RDI=0x0000000000002e7f is an unknown value
R8 =0x0000000000004000 is an unknown value
R9 =0x000000004f726f46 is an unknown value
R10=0x000000004f726f46 is an unknown value
R11=0x0000000000004000 is an unknown value
R12=0x0000000000000000 is an unknown value
R13=0x0000000100032978 is pointing into metadata
R14=0x00000000e84a22b8 is an oop
java.lang.String 
 - klass: 'java/lang/String'
R15=0x000000001ccd5800 is a thread


Stack: [0x0000000030bf0000,0x0000000030cf0000],  sp=0x0000000030cec870,  free space=1010k
Native frames: (J=compiled Java code, j=interpreted, Vv=VM code, C=native code)
C  0x0000000007b2cb6e


---------------  P R O C E S S  ---------------

Java Threads: ( => current thread )
  0x000000002f95e800 JavaThread "RMI TCP Connection(74)-127.0.0.1" daemon [_thread_in_native, id=15136, stack(0x00000000385b0000,0x00000000386b0000)]
  0x000000002f95b800 JavaThread "RMI TCP Accept-0" daemon [_thread_in_native, id=19180, stack(0x0000000038320000,0x0000000038420000)]
  0x000000002f960800 JavaThread "WorkerExecutor Queue Thread 5" [_thread_blocked, id=21236, stack(0x0000000038220000,0x0000000038320000)]
  0x000000002f957800 JavaThread "stdout" [_thread_in_native, id=13112, stack(0x0000000037720000,0x0000000037820000)]
  0x000000002f955800 JavaThread "stderr" [_thread_in_native, id=4828, stack(0x0000000037620000,0x0000000037720000)]
  0x000000002f954800 JavaThread "stdout" [_thread_in_native, id=15992, stack(0x0000000037520000,0x0000000037620000)]
  0x00000000168a4800 JavaThread "stderr" [_thread_in_native, id=2336, stack(0x0000000037420000,0x0000000037520000)]
  0x00000000168a2000 JavaThread "stdout" [_thread_in_native, id=24272, stack(0x0000000037320000,0x0000000037420000)]
  0x000000001e12c000 JavaThread "stderr" [_thread_in_native, id=24056, stack(0x0000000037220000,0x0000000037320000)]
  0x000000001e12a800 JavaThread "stdout" [_thread_in_native, id=22140, stack(0x0000000037120000,0x0000000037220000)]
  0x000000001e125000 JavaThread "stderr" [_thread_in_native, id=16408, stack(0x0000000037020000,0x0000000037120000)]
  0x000000001e123000 JavaThread "pool-42-thread-1" [_thread_blocked, id=10704, stack(0x0000000036f20000,0x0000000037020000)]
  0x000000001c81c000 JavaThread "WorkerExecutor Queue Thread 4" [_thread_blocked, id=24484, stack(0x0000000036e20000,0x0000000036f20000)]
  0x000000001c813000 JavaThread "WorkerExecutor Queue Thread 3" [_thread_in_vm, id=23532, stack(0x0000000036d20000,0x0000000036e20000)]
  0x000000001c810800 JavaThread "WorkerExecutor Queue Thread 2" [_thread_blocked, id=10908, stack(0x0000000036530000,0x0000000036630000)]
  0x000000001ccd6800 JavaThread "Cache worker for execution history cache (E:\Dev\Android\submission-android-jetpack-pro\.gradle\5.6.4\executionHistory)" [_thread_blocked, id=23092, stack(0x0000000035c30000,0x0000000035d30000)]
  0x000000001ccd2000 JavaThread "Execution worker for ':' Thread 3" [_thread_blocked, id=11836, stack(0x0000000030cf0000,0x0000000030df0000)]
=>0x000000001ccd5800 JavaThread "Execution worker for ':' Thread 2" [_thread_in_Java, id=23836, stack(0x0000000030bf0000,0x0000000030cf0000)]
  0x000000001ccd0800 JavaThread "Execution worker for ':'" [_thread_in_Java, id=9544, stack(0x0000000026dd0000,0x0000000026ed0000)]
  0x000000001ccce000 JavaThread "Cache worker for file content cache (E:\Dev\Android\submission-android-jetpack-pro\.gradle\5.6.4\fileContent)" [_thread_blocked, id=17088, stack(0x0000000026cd0000,0x0000000026dd0000)]
  0x000000001ccd4000 JavaThread "Cache worker for Build Output Cleanup Cache (E:\Dev\Android\submission-android-jetpack-pro\.gradle\buildOutputCleanup)" [_thread_blocked, id=23928, stack(0x0000000026bd0000,0x0000000026cd0000)]
  0x000000001cccf000 JavaThread "pool-41-thread-1" [_thread_blocked, id=13148, stack(0x0000000026ad0000,0x0000000026bd0000)]
  0x000000001ccca800 JavaThread "Build operations Thread 4" [_thread_blocked, id=12620, stack(0x0000000026760000,0x0000000026860000)]
  0x000000001cccb000 JavaThread "Build operations Thread 3" [_thread_blocked, id=7648, stack(0x0000000026260000,0x0000000026360000)]
  0x000000001cccd800 JavaThread "Build operations Thread 2" [_thread_blocked, id=20208, stack(0x0000000025360000,0x0000000025460000)]
  0x000000001f241000 JavaThread "Build operations" [_thread_blocked, id=5056, stack(0x0000000024c60000,0x0000000024d60000)]
  0x000000001f244000 JavaThread "Cache worker for cache directory md-rule (C:\Users\Lingga\.gradle\wrapper\dists\gradle-3.3\caches\5.6.4\md-rule)" [_thread_blocked, id=19656, stack(0x0000000024510000,0x0000000024610000)]
  0x000000001f247000 JavaThread "Cache worker for cache directory md-supplier (C:\Users\Lingga\.gradle\wrapper\dists\gradle-3.3\caches\5.6.4\md-supplier)" [_thread_blocked, id=15620, stack(0x0000000023c10000,0x0000000023d10000)]
  0x000000001f246800 JavaThread "Cache worker for file hash cache (E:\Dev\Android\submission-android-jetpack-pro\.gradle\5.6.4\fileHashes)" [_thread_blocked, id=3012, stack(0x0000000023a10000,0x0000000023b10000)]
  0x000000001f243800 JavaThread "Thread-463" [_thread_blocked, id=24732, stack(0x0000000022810000,0x0000000022910000)]
  0x000000001f239800 JavaThread "Asynchronous log dispatcher for DefaultDaemonConnection: socket connection from /127.0.0.1:64887 to /127.0.0.1:49577" [_thread_blocked, id=10096, stack(0x000000001f030000,0x000000001f130000)]
  0x000000001f240800 JavaThread "Daemon worker Thread 10" [_thread_in_Java, id=22588, stack(0x000000001ecb0000,0x000000001edb0000)]
  0x000000001f239000 JavaThread "Cancel handler" [_thread_blocked, id=25276, stack(0x000000001c110000,0x000000001c210000)]
  0x000000001f23f800 JavaThread "Handler for socket connection from /127.0.0.1:64887 to /127.0.0.1:49577" [_thread_in_native, id=19808, stack(0x000000001bd10000,0x000000001be10000)]
  0x000000001f23c800 JavaThread "Daemon Thread 10" [_thread_blocked, id=20448, stack(0x0000000001340000,0x0000000001440000)]
  0x000000001e12e000 JavaThread "Cache worker for Java compile cache (C:\Users\Lingga\.gradle\wrapper\dists\gradle-3.3\caches\5.6.4\javaCompile)" [_thread_blocked, id=12184, stack(0x000000001c010000,0x000000001c110000)]
  0x000000001f238000 JavaThread "RMI Reaper" [_thread_blocked, id=14548, stack(0x0000000024f60000,0x0000000025060000)]
  0x000000001f23f000 JavaThread "RMI TCP Accept-0" daemon [_thread_in_native, id=7200, stack(0x0000000024e60000,0x0000000024f60000)]
  0x000000001f23e000 JavaThread "GC Daemon" daemon [_thread_blocked, id=16632, stack(0x0000000024d60000,0x0000000024e60000)]
  0x000000001f23c000 JavaThread "RMI Scheduler(0)" daemon [_thread_blocked, id=6296, stack(0x00000000246c0000,0x00000000247c0000)]
  0x000000001c81a800 JavaThread "Cache worker for file content cache (C:\Users\Lingga\.gradle\wrapper\dists\gradle-3.3\caches\5.6.4\fileContent)" [_thread_blocked, id=6112, stack(0x0000000023b10000,0x0000000023c10000)]
  0x000000001c819000 JavaThread "Memory manager" [_thread_blocked, id=24504, stack(0x0000000023510000,0x0000000023610000)]
  0x000000001c80f000 JavaThread "Cache worker for execution history cache (C:\Users\Lingga\.gradle\wrapper\dists\gradle-3.3\caches\5.6.4\executionHistory)" [_thread_blocked, id=18512, stack(0x0000000020870000,0x0000000020970000)]
  0x00000000168a1800 JavaThread "Cache worker for journal cache (C:\Users\Lingga\.gradle\wrapper\dists\gradle-3.3\caches\journal-1)" [_thread_blocked, id=14592, stack(0x000000001c610000,0x000000001c710000)]
  0x00000000168a3000 JavaThread "File lock request listener" [_thread_in_native, id=10992, stack(0x000000001c510000,0x000000001c610000)]
  0x00000000168a0800 JavaThread "Cache worker for file hash cache (C:\Users\Lingga\.gradle\wrapper\dists\gradle-3.3\caches\5.6.4\fileHashes)" [_thread_blocked, id=2816, stack(0x000000001c410000,0x000000001c510000)]
  0x000000001859f800 JavaThread "Daemon periodic checks" [_thread_blocked, id=356, stack(0x000000001b810000,0x000000001b910000)]
  0x000000001a19a800 JavaThread "Incoming local TCP Connector on port 64887" [_thread_in_native, id=10636, stack(0x000000001b5d0000,0x000000001b6d0000)]
  0x000000001a0b9800 JavaThread "Daemon health stats" [_thread_blocked, id=20920, stack(0x000000001af90000,0x000000001b090000)]
  0x0000000018220800 JavaThread "Service Thread" daemon [_thread_blocked, id=17536, stack(0x00000000185f0000,0x00000000186f0000)]
  0x00000000168a0000 JavaThread "C1 CompilerThread2" daemon [_thread_blocked, id=20732, stack(0x00000000180f0000,0x00000000181f0000)]
  0x000000001689f000 JavaThread "C2 CompilerThread1" daemon [_thread_in_native, id=22428, stack(0x0000000017ff0000,0x00000000180f0000)]
  0x0000000016899800 JavaThread "C2 CompilerThread0" daemon [_thread_in_native, id=640, stack(0x0000000017ef0000,0x0000000017ff0000)]
  0x0000000016893800 JavaThread "Attach Listener" daemon [_thread_blocked, id=18880, stack(0x0000000017df0000,0x0000000017ef0000)]
  0x0000000016892800 JavaThread "Signal Dispatcher" daemon [_thread_blocked, id=23784, stack(0x0000000017cf0000,0x0000000017df0000)]
  0x0000000002e3b800 JavaThread "Finalizer" daemon [_thread_blocked, id=5212, stack(0x0000000017af0000,0x0000000017bf0000)]
  0x0000000016879000 JavaThread "Reference Handler" daemon [_thread_blocked, id=4908, stack(0x00000000179f0000,0x0000000017af0000)]
  0x0000000002f1e800 JavaThread "main" [_thread_blocked, id=8116, stack(0x0000000002c00000,0x0000000002d00000)]

Other Threads:
  0x0000000016856800 VMThread [stack: 0x00000000178f0000,0x00000000179f0000] [id=13940]
  0x00000000168ed000 WatcherThread [stack: 0x00000000186f0000,0x00000000187f0000] [id=9848]

VM state:not at safepoint (normal execution)

VM Mutex/Monitor currently owned by a thread: None

heap address: 0x00000000a0000000, size: 1536 MB, Compressed Oops mode: 32-bit
Narrow klass base: 0x0000000000000000, Narrow klass shift: 3
Compressed class space size: 1073741824 Address: 0x0000000100000000

Heap:
 PSYoungGen      total 448000K, used 204637K [0x00000000e0000000, 0x0000000100000000, 0x0000000100000000)
  eden space 371712K, 42% used [0x00000000e0000000,0x00000000e9bd5f58,0x00000000f6b00000)
  from space 76288K, 59% used [0x00000000f6b00000,0x00000000f9701748,0x00000000fb580000)
  to   space 75776K, 0% used [0x00000000fb600000,0x00000000fb600000,0x0000000100000000)
 ParOldGen       total 276992K, used 219746K [0x00000000a0000000, 0x00000000b0e80000, 0x00000000e0000000)
  object space 276992K, 79% used [0x00000000a0000000,0x00000000ad698b80,0x00000000b0e80000)
 Metaspace       used 173054K, capacity 185636K, committed 185728K, reserved 1210368K
  class space    used 21940K, capacity 24131K, committed 24192K, reserved 1048576K

Card table byte_map: [0x00000000122e0000,0x00000000125f0000] byte_map_base: 0x0000000011de0000

Marking Bits: (ParMarkBitMap*) 0x000000006b75f030
 Begin Bits: [0x0000000012bf0000, 0x00000000143f0000)
 End Bits:   [0x00000000143f0000, 0x0000000015bf0000)

Polling page: 0x0000000000f60000

CodeCache: size=245760Kb used=111024Kb max_used=111151Kb free=134735Kb
 bounds [0x0000000002f20000, 0x0000000009c60000, 0x0000000011f20000]
 total_blobs=31708 nmethods=30697 adapters=920
 compilation: enabled

Compilation events (10 events):
Event: 2326.583 Thread 0x00000000168a0000 40424       2       com.android.tools.r8.r.n.T::<init> (92 bytes)
Event: 2326.584 Thread 0x00000000168a0000 nmethod 40424 0x0000000005abfc90 code [0x0000000005abfde0, 0x0000000005abff70]
Event: 2326.619 Thread 0x00000000168a0000 40425       2       org.openjdk.tools.javac.util.Names::fromString (9 bytes)
Event: 2326.620 Thread 0x00000000168a0000 nmethod 40425 0x00000000090fea10 code [0x00000000090feb80, 0x00000000090fee38]
Event: 2326.620 Thread 0x00000000168a0000 40427       2       org.openjdk.tools.javac.util.Convert::chars2utf (159 bytes)
Event: 2326.621 Thread 0x00000000168a0000 nmethod 40427 0x00000000090fe210 code [0x00000000090fe380, 0x00000000090fe670]
Event: 2326.621 Thread 0x00000000168a0000 40426       2       org.openjdk.tools.javac.util.Name$Table::fromString (14 bytes)
Event: 2326.621 Thread 0x00000000168a0000 nmethod 40426 0x00000000090fdc90 code [0x00000000090fde00, 0x00000000090fe0b8]
Event: 2326.644 Thread 0x00000000168a0000 40428       1       com.android.tools.r8.r.n.z::m (2 bytes)
Event: 2326.645 Thread 0x00000000168a0000 nmethod 40428 0x0000000005abf990 code [0x0000000005abfae0, 0x0000000005abfbf0]

GC Heap History (10 events):
Event: 2313.956 GC heap before
{Heap before GC invocations=78 (full 5):
 PSYoungGen      total 451072K, used 416947K [0x00000000e0000000, 0x00000000ffc80000, 0x0000000100000000)
  eden space 380928K, 100% used [0x00000000e0000000,0x00000000f7400000,0x00000000f7400000)
  from space 70144K, 51% used [0x00000000fb800000,0x00000000fdb2ce48,0x00000000ffc80000)
  to   space 69632K, 0% used [0x00000000f7400000,0x00000000f7400000,0x00000000fb800000)
 ParOldGen       total 276992K, used 182809K [0x00000000a0000000, 0x00000000b0e80000, 0x00000000e0000000)
  object space 276992K, 65% used [0x00000000a0000000,0x00000000ab2865a8,0x00000000b0e80000)
 Metaspace       used 161196K, capacity 173182K, committed 173440K, reserved 1200128K
  class space    used 20591K, capacity 22634K, committed 22656K, reserved 1048576K
Event: 2314.001 GC heap after
Heap after GC invocations=78 (full 5):
 PSYoungGen      total 409600K, used 28275K [0x00000000e0000000, 0x00000000ff780000, 0x0000000100000000)
  eden space 380928K, 0% used [0x00000000e0000000,0x00000000e0000000,0x00000000f7400000)
  from space 28672K, 98% used [0x00000000f7400000,0x00000000f8f9cef0,0x00000000f9000000)
  to   space 65536K, 0% used [0x00000000fb780000,0x00000000fb780000,0x00000000ff780000)
 ParOldGen       total 276992K, used 182809K [0x00000000a0000000, 0x00000000b0e80000, 0x00000000e0000000)
  object space 276992K, 65% used [0x00000000a0000000,0x00000000ab2865a8,0x00000000b0e80000)
 Metaspace       used 161196K, capacity 173182K, committed 173440K, reserved 1200128K
  class space    used 20591K, capacity 22634K, committed 22656K, reserved 1048576K
}
Event: 2317.915 GC heap before
{Heap before GC invocations=79 (full 5):
 PSYoungGen      total 409600K, used 409203K [0x00000000e0000000, 0x00000000ff780000, 0x0000000100000000)
  eden space 380928K, 100% used [0x00000000e0000000,0x00000000f7400000,0x00000000f7400000)
  from space 28672K, 98% used [0x00000000f7400000,0x00000000f8f9cef0,0x00000000f9000000)
  to   space 65536K, 0% used [0x00000000fb780000,0x00000000fb780000,0x00000000ff780000)
 ParOldGen       total 276992K, used 182809K [0x00000000a0000000, 0x00000000b0e80000, 0x00000000e0000000)
  object space 276992K, 65% used [0x00000000a0000000,0x00000000ab2865a8,0x00000000b0e80000)
 Metaspace       used 163889K, capacity 175996K, committed 176256K, reserved 1202176K
  class space    used 20738K, capacity 22841K, committed 22912K, reserved 1048576K
Event: 2317.998 GC heap after
Heap after GC invocations=79 (full 5):
 PSYoungGen      total 446464K, used 48652K [0x00000000e0000000, 0x0000000100000000, 0x0000000100000000)
  eden space 380928K, 0% used [0x00000000e0000000,0x00000000e0000000,0x00000000f7400000)
  from space 65536K, 74% used [0x00000000fb780000,0x00000000fe703310,0x00000000ff780000)
  to   space 69120K, 0% used [0x00000000f7400000,0x00000000f7400000,0x00000000fb780000)
 ParOldGen       total 276992K, used 182817K [0x00000000a0000000, 0x00000000b0e80000, 0x00000000e0000000)
  object space 276992K, 66% used [0x00000000a0000000,0x00000000ab2885a8,0x00000000b0e80000)
 Metaspace       used 163889K, capacity 175996K, committed 176256K, reserved 1202176K
  class space    used 20738K, capacity 22841K, committed 22912K, reserved 1048576K
}
Event: 2320.577 GC heap before
{Heap before GC invocations=80 (full 5):
 PSYoungGen      total 446464K, used 429580K [0x00000000e0000000, 0x0000000100000000, 0x0000000100000000)
  eden space 380928K, 100% used [0x00000000e0000000,0x00000000f7400000,0x00000000f7400000)
  from space 65536K, 74% used [0x00000000fb780000,0x00000000fe703310,0x00000000ff780000)
  to   space 69120K, 0% used [0x00000000f7400000,0x00000000f7400000,0x00000000fb780000)
 ParOldGen       total 276992K, used 182817K [0x00000000a0000000, 0x00000000b0e80000, 0x00000000e0000000)
  object space 276992K, 66% used [0x00000000a0000000,0x00000000ab2885a8,0x00000000b0e80000)
 Metaspace       used 167849K, capacity 179996K, committed 180352K, reserved 1206272K
  class space    used 21214K, capacity 23311K, committed 23424K, reserved 1048576K
Event: 2320.716 GC heap after
Heap after GC invocations=80 (full 5):
 PSYoungGen      total 439296K, used 58165K [0x00000000e0000000, 0x0000000100000000, 0x0000000100000000)
  eden space 380928K, 0% used [0x00000000e0000000,0x00000000e0000000,0x00000000f7400000)
  from space 58368K, 99% used [0x00000000f7400000,0x00000000faccd5e8,0x00000000fad00000)
  to   space 75264K, 0% used [0x00000000fb680000,0x00000000fb680000,0x0000000100000000)
 ParOldGen       total 276992K, used 182817K [0x00000000a0000000, 0x00000000b0e80000, 0x00000000e0000000)
  object space 276992K, 66% used [0x00000000a0000000,0x00000000ab2885a8,0x00000000b0e80000)
 Metaspace       used 167849K, capacity 179996K, committed 180352K, reserved 1206272K
  class space    used 21214K, capacity 23311K, committed 23424K, reserved 1048576K
}
Event: 2323.600 GC heap before
{Heap before GC invocations=81 (full 5):
 PSYoungGen      total 439296K, used 439093K [0x00000000e0000000, 0x0000000100000000, 0x0000000100000000)
  eden space 380928K, 100% used [0x00000000e0000000,0x00000000f7400000,0x00000000f7400000)
  from space 58368K, 99% used [0x00000000f7400000,0x00000000faccd5e8,0x00000000fad00000)
  to   space 75264K, 0% used [0x00000000fb680000,0x00000000fb680000,0x0000000100000000)
 ParOldGen       total 276992K, used 182817K [0x00000000a0000000, 0x00000000b0e80000, 0x00000000e0000000)
  object space 276992K, 66% used [0x00000000a0000000,0x00000000ab2885a8,0x00000000b0e80000)
 Metaspace       used 170461K, capacity 182814K, committed 182912K, reserved 1208320K
  class space    used 21536K, capacity 23664K, committed 23680K, reserved 1048576K
Event: 2323.733 GC heap after
Heap after GC invocations=81 (full 5):
 PSYoungGen      total 446976K, used 47131K [0x00000000e0000000, 0x0000000100000000, 0x0000000100000000)
  eden space 371712K, 0% used [0x00000000e0000000,0x00000000e0000000,0x00000000f6b00000)
  from space 75264K, 62% used [0x00000000fb680000,0x00000000fe486c60,0x0000000100000000)
  to   space 76288K, 0% used [0x00000000f6b00000,0x00000000f6b00000,0x00000000fb580000)
 ParOldGen       total 276992K, used 187730K [0x00000000a0000000, 0x00000000b0e80000, 0x00000000e0000000)
  object space 276992K, 67% used [0x00000000a0000000,0x00000000ab754910,0x00000000b0e80000)
 Metaspace       used 170461K, capacity 182814K, committed 182912K, reserved 1208320K
  class space    used 21536K, capacity 23664K, committed 23680K, reserved 1048576K
}
Event: 2325.843 GC heap before
{Heap before GC invocations=82 (full 5):
 PSYoungGen      total 446976K, used 418843K [0x00000000e0000000, 0x0000000100000000, 0x0000000100000000)
  eden space 371712K, 100% used [0x00000000e0000000,0x00000000f6b00000,0x00000000f6b00000)
  from space 75264K, 62% used [0x00000000fb680000,0x00000000fe486c60,0x0000000100000000)
  to   space 76288K, 0% used [0x00000000f6b00000,0x00000000f6b00000,0x00000000fb580000)
 ParOldGen       total 276992K, used 187730K [0x00000000a0000000, 0x00000000b0e80000, 0x00000000e0000000)
  object space 276992K, 67% used [0x00000000a0000000,0x00000000ab754910,0x00000000b0e80000)
 Metaspace       used 171511K, capacity 183974K, committed 184192K, reserved 1210368K
  class space    used 21704K, capacity 23860K, committed 23936K, reserved 1048576K
Event: 2325.989 GC heap after
Heap after GC invocations=82 (full 5):
 PSYoungGen      total 448000K, used 45061K [0x00000000e0000000, 0x0000000100000000, 0x0000000100000000)
  eden space 371712K, 0% used [0x00000000e0000000,0x00000000e0000000,0x00000000f6b00000)
  from space 76288K, 59% used [0x00000000f6b00000,0x00000000f9701748,0x00000000fb580000)
  to   space 75776K, 0% used [0x00000000fb600000,0x00000000fb600000,0x0000000100000000)
 ParOldGen       total 276992K, used 219746K [0x00000000a0000000, 0x00000000b0e80000, 0x00000000e0000000)
  object space 276992K, 79% used [0x00000000a0000000,0x00000000ad698b80,0x00000000b0e80000)
 Metaspace       used 171511K, capacity 183974K, committed 184192K, reserved 1210368K
  class space    used 21704K, capacity 23860K, committed 23936K, reserved 1048576K
}

Deoptimization events (10 events):
Event: 2323.847 Thread 0x000000001ccd0800 Uncommon trap: reason=unstable_if action=reinterpret pc=0x0000000008a45384 method=com.android.tools.r8.v.a.a.a.f.c0.get(I)Ljava/lang/Object; @ 8
Event: 2323.848 Thread 0x000000001ccd0800 Uncommon trap: reason=unstable_if action=reinterpret pc=0x0000000003329d08 method=com.android.tools.r8.v.a.a.a.f.c0.get(I)Ljava/lang/Object; @ 8
Event: 2323.925 Thread 0x000000001ccd5800 Uncommon trap: reason=array_check action=maybe_recompile pc=0x0000000009948f9c method=java.util.TimSort.mergeHi(IIII)V @ 524
Event: 2323.926 Thread 0x000000001ccd5800 Uncommon trap: reason=array_check action=maybe_recompile pc=0x0000000009948f9c method=java.util.TimSort.mergeHi(IIII)V @ 524
Event: 2324.241 Thread 0x000000001c813000 Uncommon trap: reason=unstable_if action=reinterpret pc=0x0000000007884e94 method=java.util.stream.ForEachOps$ForEachOp.getOpFlags()I @ 4
Event: 2324.687 Thread 0x000000001f240800 Uncommon trap: reason=unstable_if action=reinterpret pc=0x0000000009b7e424 method=com.android.tools.r8.ir.optimize.I.a(Lcom/android/tools/r8/u/b/d0;)Z @ 171
Event: 2325.622 Thread 0x000000001f240800 Uncommon trap: reason=unstable_if action=reinterpret pc=0x00000000093c46c8 method=com.android.tools.r8.ir.optimize.I.a(Lcom/android/tools/r8/u/b/d0;)Z @ 171
Event: 2326.526 Thread 0x000000001c813000 Uncommon trap: reason=bimorphic action=maybe_recompile pc=0x0000000008404754 method=java.util.SubList.<init>(Ljava/util/AbstractList;II)V @ 37
Event: 2326.530 Thread 0x000000001c813000 Uncommon trap: reason=unstable_if action=reinterpret pc=0x0000000006143244 method=java.util.TreeMap$NavigableSubMap.<init>(Ljava/util/TreeMap;ZLjava/lang/Object;ZZLjava/lang/Object;Z)V @ 10
Event: 2326.538 Thread 0x000000001c813000 Uncommon trap: reason=bimorphic action=maybe_recompile pc=0x000000000456fc14 method=java.util.AbstractMap.isEmpty()Z @ 1

Classes redefined (0 events):
No events

Internal exceptions (10 events):
Event: 2316.040 Thread 0x000000001ccd0800 Exception <a 'sun/nio/fs/WindowsException'> (0x00000000e90e07d8) thrown at [C:\src\AOSP-openjdk-git\hotspot\src\share\vm\prims\jni.cpp, line 710]
Event: 2316.358 Thread 0x000000001ccd5800 Exception <a 'sun/nio/fs/WindowsException'> (0x00000000ea3b30b8) thrown at [C:\src\AOSP-openjdk-git\hotspot\src\share\vm\prims\jni.cpp, line 710]
Event: 2316.843 Thread 0x000000001ccd0800 Exception <a 'sun/nio/fs/WindowsException'> (0x00000000eed07360) thrown at [C:\src\AOSP-openjdk-git\hotspot\src\share\vm\prims\jni.cpp, line 710]
Event: 2317.089 Thread 0x000000001f240800 Exception <a 'sun/nio/fs/WindowsException'> (0x00000000efe1d728) thrown at [C:\src\AOSP-openjdk-git\hotspot\src\share\vm\prims\jni.cpp, line 710]
Event: 2318.034 Thread 0x000000001f240800 Exception <a 'sun/nio/fs/WindowsException'> (0x00000000e0825350) thrown at [C:\src\AOSP-openjdk-git\hotspot\src\share\vm\prims\jni.cpp, line 710]
Event: 2319.716 Thread 0x000000001c813000 Exception <a 'java/lang/NoSuchMethodError': java.lang.Object.lambda$andThen$1(Ljava/util/function/Function;Ljava/lang/Object;)Ljava/lang/Object;> (0x00000000ef4354e8) thrown at [C:\src\AOSP-openjdk-git\hotspot\src\share\vm\interpreter\linkResolver.cpp, li
Event: 2319.725 Thread 0x000000001c813000 Exception <a 'java/lang/IncompatibleClassChangeError': Found class java.lang.Object, but interface was expected> (0x00000000ef45e898) thrown at [C:\src\AOSP-openjdk-git\hotspot\src\share\vm\interpreter\linkResolver.cpp, line 653]
Event: 2324.080 Thread 0x000000001ccd5800 Exception <a 'sun/nio/fs/WindowsException'> (0x00000000e1c09c98) thrown at [C:\src\AOSP-openjdk-git\hotspot\src\share\vm\prims\jni.cpp, line 710]
Event: 2324.186 Thread 0x000000001c813000 Exception <a 'java/lang/NoSuchMethodError': java.lang.Object.lambda$identity$0(Ljava/lang/Object;)Ljava/lang/Object;> (0x00000000e2f0d108) thrown at [C:\src\AOSP-openjdk-git\hotspot\src\share\vm\interpreter\linkResolver.cpp, line 620]
Event: 2325.302 Thread 0x000000001ccd5800 Exception <a 'sun/nio/fs/WindowsException'> (0x00000000ee0be858) thrown at [C:\src\AOSP-openjdk-git\hotspot\src\share\vm\prims\jni.cpp, line 710]

Events (10 events):
Event: 2326.636 loading class org/openjdk/javax/lang/model/type/PrimitiveType
Event: 2326.636 loading class org/openjdk/javax/lang/model/type/PrimitiveType done
Event: 2326.636 loading class org/openjdk/tools/javac/code/Type$JCVoidType
Event: 2326.636 loading class org/openjdk/tools/javac/code/Type$JCVoidType done
Event: 2326.637 loading class org/openjdk/tools/javac/code/Type$MethodType
Event: 2326.637 loading class org/openjdk/tools/javac/code/Type$MethodType done
Event: 2326.638 loading class org/openjdk/tools/javac/code/Symbol$Completer
Event: 2326.638 loading class org/openjdk/tools/javac/code/Symbol$Completer done
Event: 2326.639 loading class org/openjdk/tools/javac/code/Symtab$7
Event: 2326.639 loading class org/openjdk/tools/javac/code/Symtab$7 done


Dynamic libraries:
0x00007ff7c8170000 - 0x00007ff7c81a1000 	C:\Program Files\Android\Android Studio\jre\bin\java.exe
0x00007ffe120a0000 - 0x00007ffe12290000 	C:\WINDOWS\SYSTEM32\ntdll.dll
0x00007ffe11180000 - 0x00007ffe11232000 	C:\WINDOWS\System32\KERNEL32.DLL
0x00007ffe0f520000 - 0x00007ffe0f7c4000 	C:\WINDOWS\System32\KERNELBASE.dll
0x00007ffe10c30000 - 0x00007ffe10cd3000 	C:\WINDOWS\System32\ADVAPI32.dll
0x00007ffe110e0000 - 0x00007ffe1117e000 	C:\WINDOWS\System32\msvcrt.dll
0x00007ffe11f10000 - 0x00007ffe11fa7000 	C:\WINDOWS\System32\sechost.dll
0x00007ffe101f0000 - 0x00007ffe10310000 	C:\WINDOWS\System32\RPCRT4.dll
0x00007ffe104f0000 - 0x00007ffe10685000 	C:\WINDOWS\System32\USER32.dll
0x00007ffe0f1d0000 - 0x00007ffe0f1f1000 	C:\WINDOWS\System32\win32u.dll
0x00007ffe10310000 - 0x00007ffe10336000 	C:\WINDOWS\System32\GDI32.dll
0x00007ffe0f380000 - 0x00007ffe0f516000 	C:\WINDOWS\System32\gdi32full.dll
0x00007ffe100b0000 - 0x00007ffe1014e000 	C:\WINDOWS\System32\msvcp_win.dll
0x00007ffe0f200000 - 0x00007ffe0f2fa000 	C:\WINDOWS\System32\ucrtbase.dll
0x00007ffe0e450000 - 0x00007ffe0e6d4000 	C:\WINDOWS\WinSxS\amd64_microsoft.windows.common-controls_6595b64144ccf1df_6.0.18362.1016_none_9e7a36bbe461dae4\COMCTL32.dll
0x00007ffe119d0000 - 0x00007ffe11d05000 	C:\WINDOWS\System32\combase.dll
0x00007ffe0f080000 - 0x00007ffe0f100000 	C:\WINDOWS\System32\bcryptPrimitives.dll
0x00007ffe119a0000 - 0x00007ffe119ce000 	C:\WINDOWS\System32\IMM32.DLL
0x000000006aeb0000 - 0x000000006af82000 	C:\Program Files\Android\Android Studio\jre\jre\bin\msvcr100.dll
0x000000006af90000 - 0x000000006b7db000 	C:\Program Files\Android\Android Studio\jre\jre\bin\server\jvm.dll
0x00007ffe11930000 - 0x00007ffe11938000 	C:\WINDOWS\System32\PSAPI.DLL
0x00007ffe0aaa0000 - 0x00007ffe0aac4000 	C:\WINDOWS\SYSTEM32\WINMM.dll
0x00007ffe0cd70000 - 0x00007ffe0cd79000 	C:\WINDOWS\SYSTEM32\WSOCK32.dll
0x00007ffe11d10000 - 0x00007ffe11d7f000 	C:\WINDOWS\System32\WS2_32.dll
0x00007ffe08850000 - 0x00007ffe0885a000 	C:\WINDOWS\SYSTEM32\VERSION.dll
0x00007ffe0aa70000 - 0x00007ffe0aa9d000 	C:\WINDOWS\SYSTEM32\WINMMBASE.dll
0x00007ffe0f330000 - 0x00007ffe0f37a000 	C:\WINDOWS\System32\cfgmgr32.dll
0x00007ffe0ea00000 - 0x00007ffe0ea0f000 	C:\Program Files\Android\Android Studio\jre\jre\bin\verify.dll
0x00007ffe05200000 - 0x00007ffe05229000 	C:\Program Files\Android\Android Studio\jre\jre\bin\java.dll
0x00007ffe01e60000 - 0x00007ffe01e76000 	C:\Program Files\Android\Android Studio\jre\jre\bin\zip.dll
0x00007ffe11240000 - 0x00007ffe11927000 	C:\WINDOWS\System32\SHELL32.dll
0x00007ffe11d80000 - 0x00007ffe11e29000 	C:\WINDOWS\System32\shcore.dll
0x00007ffe0f920000 - 0x00007ffe100a2000 	C:\WINDOWS\System32\windows.storage.dll
0x00007ffe0eff0000 - 0x00007ffe0f013000 	C:\WINDOWS\System32\profapi.dll
0x00007ffe0efa0000 - 0x00007ffe0efea000 	C:\WINDOWS\System32\powrprof.dll
0x00007ffe0ef50000 - 0x00007ffe0ef60000 	C:\WINDOWS\System32\UMPDC.dll
0x00007ffe11940000 - 0x00007ffe11992000 	C:\WINDOWS\System32\shlwapi.dll
0x00007ffe0ef80000 - 0x00007ffe0ef91000 	C:\WINDOWS\System32\kernel.appcore.dll
0x00007ffe0f100000 - 0x00007ffe0f117000 	C:\WINDOWS\System32\cryptsp.dll
0x00007ffdfbf80000 - 0x00007ffdfbf9a000 	C:\Program Files\Android\Android Studio\jre\jre\bin\net.dll
0x00007ffe0e130000 - 0x00007ffe0e197000 	C:\WINDOWS\system32\mswsock.dll
0x00007ffdf38b0000 - 0x00007ffdf38c3000 	C:\Program Files\Android\Android Studio\jre\jre\bin\nio.dll
0x00007ffdee800000 - 0x00007ffdee826000 	C:\Users\Lingga\.gradle\wrapper\dists\gradle-3.3\native\30\windows-amd64\native-platform.dll
0x00007ffe0aad0000 - 0x00007ffe0aadd000 	C:\Program Files\Android\Android Studio\jre\jre\bin\management.dll
0x00007ffe0dca0000 - 0x00007ffe0dcd3000 	C:\WINDOWS\system32\rsaenh.dll
0x00007ffe0f300000 - 0x00007ffe0f326000 	C:\WINDOWS\System32\bcrypt.dll
0x00007ffe0ee70000 - 0x00007ffe0ee95000 	C:\WINDOWS\SYSTEM32\USERENV.dll
0x00007ffe0e300000 - 0x00007ffe0e30c000 	C:\WINDOWS\SYSTEM32\CRYPTBASE.dll
0x00007ffe0de40000 - 0x00007ffe0de7a000 	C:\WINDOWS\SYSTEM32\IPHLPAPI.DLL
0x00007ffe10dc0000 - 0x00007ffe10dc8000 	C:\WINDOWS\System32\NSI.dll
0x00007ffe05290000 - 0x00007ffe052a6000 	C:\WINDOWS\SYSTEM32\dhcpcsvc6.DLL
0x00007ffe04ee0000 - 0x00007ffe04efc000 	C:\WINDOWS\SYSTEM32\dhcpcsvc.DLL
0x00007ffe0de80000 - 0x00007ffe0df4b000 	C:\WINDOWS\SYSTEM32\DNSAPI.dll
0x00007ffdf0c80000 - 0x00007ffdf0c9e000 	C:\Users\Lingga\AppData\Local\Temp\native-platform4321647922000088744dir\native-platform.dll
0x00007ffdeedd0000 - 0x00007ffdeedf4000 	C:\Program Files\Android\Android Studio\jre\jre\bin\sunec.dll
0x00007ffdfdfd0000 - 0x00007ffdfdfda000 	C:\Windows\System32\rasadhlp.dll
0x00007ffe03510000 - 0x00007ffe03587000 	C:\WINDOWS\System32\fwpuclnt.dll
0x00007ffe0a8c0000 - 0x00007ffe0a8cb000 	C:\Program Files\Android\Android Studio\jre\jre\bin\sunmscapi.dll
0x00007ffe0f7d0000 - 0x00007ffe0f919000 	C:\WINDOWS\System32\CRYPT32.dll
0x00007ffe0ef60000 - 0x00007ffe0ef72000 	C:\WINDOWS\System32\MSASN1.dll
0x00007ffe0ea30000 - 0x00007ffe0ea61000 	C:\WINDOWS\SYSTEM32\ntmarta.dll
0x00007ffe0c1f0000 - 0x00007ffe0c27f000 	C:\WINDOWS\system32\apphelp.dll
0x00007ffdebdb0000 - 0x00007ffdebdce000 	C:\Users\Lingga\AppData\Local\Temp\native-platform736544176491311916dir\native-platform.dll
0x00007ffe0ea70000 - 0x00007ffe0ec64000 	C:\WINDOWS\SYSTEM32\dbghelp.dll

VM Arguments:
jvm_args: -Xmx1536m -Dfile.encoding=windows-1252 -Duser.country=ID -Duser.language=en -Duser.variant 
java_command: org.gradle.launcher.daemon.bootstrap.GradleDaemon 5.6.4
java_class_path (initial): C:\Users\Lingga\.gradle\wrapper\dists\gradle-3.3\wrapper\dists\gradle-5.6.4-all\ankdp27end7byghfw1q2sw75f\gradle-5.6.4\lib\gradle-launcher-5.6.4.jar
Launcher Type: SUN_STANDARD

Environment Variables:
JAVA_HOME=C:\Users\Lingga\Downloads\Compressed\jdk-11.0.2
PATH=C:\Program Files (x86)\Intel\iCLS Client\;C:\Program Files\Intel\iCLS Client\;C:\Windows\system32;C:\Windows;C:\Windows\System32\Wbem;C:\Windows\System32\WindowsPowerShell\v1.0\;C:\Program Files (x86)\NVIDIA Corporation\PhysX\Common;C:\Program Files (x86)\Intel\Intel(R) Management Engine Components\DAL;C:\Program Files\Intel\Intel(R) Management Engine Components\DAL;C:\Program Files (x86)\Intel\Intel(R) Management Engine Components\IPT;C:\Program Files\Intel\Intel(R) Management Engine Components\IPT;C:\WINDOWS\system32;C:\WINDOWS;C:\WINDOWS\System32\Wbem;C:\WINDOWS\System32\WindowsPowerShell\v1.0\;C:\WINDOWS\System32\OpenSSH\;C:\Program Files (x86)\GtkSharp\2.12\bin;C:\Users\Lingga\Downloads\Compressed\jdk-11.0.2\bin;C:\Program Files\Git\cmd;C:\Users\Lingga\AppData\Local\Programs\Python\Python37\Scripts\;C:\Users\Lingga\AppData\Local\Programs\Python\Python37\;C:\BC5\BIN;C:\Users\Lingga\AppData\Local\Microsoft\WindowsApps;C:\Users\Lingga\Downloads\Compressed\jdk-11.0.2\bin;;C:\Users\Lingga\AppData\Local\Programs\Microsoft VS Code\bin
USERNAME=Lingga
OS=Windows_NT
PROCESSOR_IDENTIFIER=Intel64 Family 6 Model 78 Stepping 3, GenuineIntel



---------------  S Y S T E M  ---------------

OS: Windows 10.0 , 64 bit Build 18362 (10.0.18362.959)

CPU:total 4 (initial active 4) (2 cores per cpu, 2 threads per core) family 6 model 78 stepping 3, cmov, cx8, fxsr, mmx, sse, sse2, sse3, ssse3, sse4.1, sse4.2, popcnt, avx, avx2, aes, clmul, erms, 3dnowpref, lzcnt, ht, tsc, tscinvbit, bmi1, bmi2, adx

Memory: 4k page, physical 8055920k(418544k free), swap 15753328k(3601152k free)

vm_info: OpenJDK 64-Bit Server VM (25.242-b01) for windows-amd64 JRE (1.8.0_242-release-1644-b01), built by "builder" with MS VC++ 10.0 (VS2010)

time: Tue Aug 25 13:41:05 2020
timezone: SE Asia Standard Time
elapsed time: 2326 seconds (0d 0h 38m 46s)

